  Ability.cpp
  Blast.cpp
  Build_the_Wall.cpp
  Dodge.cpp
  Encourage.cpp
  Fight.cpp
  Heal.cpp
  ManipulateTile.cpp
  Move.cpp
  QuickShoot.cpp
  Sabotage.cpp
  Shoot.cpp
  Slay.cpp
  SummonUnit.cpp
  ChangeAbilityDescriptionNode.cpp
  ChangeAttributeNode.cpp
  CheckHPNode.cpp
  Status.cpp
d:\work\vg1819\ability\status\status.cpp(18): warning C4018: '<': signed/unsigned mismatch
  Status_Archer_LV3.cpp
  Status_Duelist_LV3.cpp
  Generating Code...
  Compiling...
  Status_Priest_LV3.cpp
  boardManager.cpp
d:\work\vg1819\board\boardmanager.cpp(138): warning C4018: '<': signed/unsigned mismatch
  ManipulateTileOnClick.cpp
  PrintWhenClicked.cpp
  SendSelfOnClick.cpp
d:\work\vg1819\board\clickable\sendselfonclick.cpp(30): warning C4018: '<': signed/unsigned mismatch
  BoardCreator.cpp
d:\work\vg1819\board\component\boardcreator.cpp(99): warning C4244: 'argument': conversion from 'int' to 'const float', possible loss of data
  Highlighter.cpp
  Range.cpp
  Area.cpp
  AreaPattern.cpp
  LineHPattern.cpp
  LineVPattern.cpp
  PointPattern.cpp
  SpanPattern.cpp
  SquarePattern.cpp
  TrianglePattern.cpp
  NoUnitFilter.cpp
  OwnedTileFilter.cpp
  TileFliter.cpp
  TilePipeline.cpp
  Generating Code...
  Compiling...
  UnitFilter.cpp
  TileInfo.cpp
  LandInfoManager.cpp
  SwampLand.cpp
  SelectAbility.cpp
  ComponentDataType.cpp
d:\work\vg1819\kibble\json\datatypes\componentdatatype.cpp(211): warning C4305: 'initializing': truncation from 'double' to 'irrklang::ik_f32'
d:\work\vg1819\kibble\json\datatypes\componentdatatype.cpp(225): warning C4244: 'argument': conversion from 'irrklang::ik_f32' to 'irrklang::ik_s32', possible loss of data
d:\work\vg1819\kibble\json\datatypes\componentdatatype.cpp(271): warning C4244: 'argument': conversion from 'irrklang::ik_f32' to 'irrklang::ik_s32', possible loss of data
  K_ComponentManager.cpp
  K_Game.cpp
d:\work\vg1819\kitten\k_game.cpp(138): warning C4305: 'argument': truncation from 'double' to 'const float'
d:\work\vg1819\kitten\k_game.cpp(139): warning C4305: 'argument': truncation from 'double' to 'const float'
  ClientGame.cpp
d:\work\vg1819\networking\clientgame.cpp(138): warning C4018: '<': signed/unsigned mismatch
  NetworkingConsoleMenu.cpp
c:\program files (x86)\windows kits\10\include\10.0.17763.0\shared\minwindef.h(130): warning C4005: 'APIENTRY': macro redefinition
  d:\work\vg1819\glfw\include\gl\glfw.h(74): note: see previous definition of 'APIENTRY'
c:\program files (x86)\windows kits\10\include\10.0.17763.0\um\wingdi.h(36): warning C4005: 'WINGDIAPI': macro redefinition
  d:\work\vg1819\glfw\include\gl\glfw.h(91): note: see previous definition of 'WINGDIAPI'
  ServerGame.cpp
d:\work\vg1819\networking\servergame.cpp(105): warning C4018: '<': signed/unsigned mismatch
  SpawnUnitOnKeyPress.cpp
c:\program files (x86)\windows kits\10\include\10.0.17763.0\shared\minwindef.h(130): warning C4005: 'APIENTRY': macro redefinition
  d:\work\vg1819\glfw\include\gl\glfw.h(74): note: see previous definition of 'APIENTRY'
c:\program files (x86)\windows kits\10\include\10.0.17763.0\um\wingdi.h(36): warning C4005: 'WINGDIAPI': macro redefinition
  d:\work\vg1819\glfw\include\gl\glfw.h(91): note: see previous definition of 'WINGDIAPI'
  TileGetter.cpp
  UnitInteractionManager.cpp
  InitiativeTracker.cpp
d:\work\vg1819\unit\initiativetracker\initiativetracker.cpp(172): warning C4018: '<': signed/unsigned mismatch
  InitiativeTrackerUI.cpp
  TrackerBlock.cpp
d:\work\vg1819\unit\initiativetracker\trackerblock.cpp(137): warning C4244: 'initializing': conversion from 'double' to 'float', possible loss of data
  UnitTurn.cpp
  Unit.cpp
  UnitMonitor.cpp
d:\work\vg1819\unit\unitmonitor.cpp(46): warning C4018: '<': signed/unsigned mismatch
  Generating Code...
  Compiling...
  UnitSpawn.cpp
d:\work\vg1819\unit\unitspawn.cpp(141): warning C4018: '<': signed/unsigned mismatch
  UnitTest.cpp
  Commander.cpp
  StatusContainer.cpp
  UnitClickable.cpp
d:\work\vg1819\unit\unitcomponent\unitclickable.cpp(131): warning C4018: '<': signed/unsigned mismatch
  UnitMove.cpp
d:\work\vg1819\unit\unitcomponent\unitmove.cpp(187): warning C4244: 'initializing': conversion from 'double' to 'float', possible loss of data
  UseAbilityWhenClicked.cpp
  Generating Code...
  LINK : 0 new modules and 67 (out of 227) modules have changed since prior linking
  Generating non-SAFESEH image.
  Starting pass 2
       UseAbilityWhenClicked.obj
       UnitTest.obj
       UnitSpawn.obj
       UnitMonitor.obj
       UnitMove.obj
       UnitClickable.obj
       StatusContainer.obj
       Commander.obj
       Unit.obj
       UnitTurn.obj
       TrackerBlock.obj
       InitiativeTrackerUI.obj
       InitiativeTracker.obj
       UnitInteractionManager.obj
       TileGetter.obj
       SpawnUnitOnKeyPress.obj
       ServerGame.obj
       NetworkingConsoleMenu.obj
       ClientGame.obj
       K_Game.obj
       K_ComponentManager.obj
       ComponentDataType.obj
       SelectAbility.obj
       TileInfo.obj
       Range.obj
       Highlighter.obj
       BoardCreator.obj
       SendSelfOnClick.obj
       PrintWhenClicked.obj
       ManipulateTileOnClick.obj
       boardManager.obj
       SwampLand.obj
       LandInfoManager.obj
       UnitFilter.obj
       TilePipeline.obj
       TileFliter.obj
       OwnedTileFilter.obj
       NoUnitFilter.obj
       TrianglePattern.obj
       SquarePattern.obj
       SpanPattern.obj
       PointPattern.obj
       LineVPattern.obj
       LineHPattern.obj
       AreaPattern.obj
       Area.obj
       Status_Priest_LV3.obj
       Status_Duelist_LV3.obj
       Status_Archer_LV3.obj
       Status.obj
       CheckHPNode.obj
       ChangeAttributeNode.obj
       ChangeAbilityDescriptionNode.obj
       SummonUnit.obj
       Slay.obj
       Shoot.obj
       Sabotage.obj
       QuickShoot.obj
       Move.obj
       ManipulateTile.obj
       Heal.obj
       Fight.obj
       Encourage.obj
       Dodge.obj
       Build_the_Wall.obj
       Blast.obj
       Ability.obj
       MSVCRTD.lib(loadcfg.obj)
  Finished pass 2
  Failed to connect to VCTIP: 'CreateFile' failed with 2
  Not launching VCTIP: it is flagged as unstable
  Telemetry event upload failed: 'Failed to open connection to VCTIP'
  VG1819.vcxproj.vcxproj -> D:\work\VG1819\_Project\Release\VG1819.exe
